The system is: Darwin - 17.6.0 - x86_64
Compiling the C compiler identification source file "CMakeCCompilerId.c" succeeded.
Compiler: /Library/Developer/CommandLineTools/usr/bin/cc 
Build flags: 
Id flags:  

The output was:
0


Compilation of the C compiler identification source "CMakeCCompilerId.c" produced "a.out"

The C compiler identification is AppleClang, found in "/Volumes/Data/Nhat/bai3/cmake-build-debug/CMakeFiles/3.12.2/CompilerIdC/a.out"

Determining if the C compiler works passed with the following output:
Change Dir: /Volumes/Data/Nhat/bai3/cmake-build-debug/CMakeFiles/CMakeTmp

Run Build Command:"/usr/bin/make" "cmTC_5b841/fast"
/Library/Developer/CommandLineTools/usr/bin/make -f CMakeFiles/cmTC_5b841.dir/build.make CMakeFiles/cmTC_5b841.dir/build
Building C object CMakeFiles/cmTC_5b841.dir/testCCompiler.c.o
/Library/Developer/CommandLineTools/usr/bin/cc    -o CMakeFiles/cmTC_5b841.dir/testCCompiler.c.o   -c /Volumes/Data/Nhat/bai3/cmake-build-debug/CMakeFiles/CMakeTmp/testCCompiler.c
Linking C executable cmTC_5b841
/private/var/folders/w0/bw629_r1569_1bflnhpkdbx40000gp/T/AppTranslocation/D1F99382-3856-4D27-BDC5-28ECCF89551C/d/CLion.app/Contents/bin/cmake/mac/bin/cmake -E cmake_link_script CMakeFiles/cmTC_5b841.dir/link.txt --verbose=1
/Library/Developer/CommandLineTools/usr/bin/cc   -Wl,-search_paths_first -Wl,-headerpad_max_install_names   CMakeFiles/cmTC_5b841.dir/testCCompiler.c.o  -o cmTC_5b841 


Detecting C compiler ABI info compiled with the following output:
Change Dir: /Volumes/Data/Nhat/bai3/cmake-build-debug/CMakeFiles/CMakeTmp

Run Build Command:"/usr/bin/make" "cmTC_a1f60/fast"
/Library/Developer/CommandLineTools/usr/bin/make -f CMakeFiles/cmTC_a1f60.dir/build.make CMakeFiles/cmTC_a1f60.dir/build
Building C object CMakeFiles/cmTC_a1f60.dir/CMakeCCompilerABI.c.o
/Library/Developer/CommandLineTools/usr/bin/cc    -o CMakeFiles/cmTC_a1f60.dir/CMakeCCompilerABI.c.o   -c /private/var/folders/w0/bw629_r1569_1bflnhpkdbx40000gp/T/AppTranslocation/D1F99382-3856-4D27-BDC5-28ECCF89551C/d/CLion.app/Contents/bin/cmake/mac/share/cmake-3.12/Modules/CMakeCCompilerABI.c
Linking C executable cmTC_a1f60
/private/var/folders/w0/bw629_r1569_1bflnhpkdbx40000gp/T/AppTranslocation/D1F99382-3856-4D27-BDC5-28ECCF89551C/d/CLion.app/Contents/bin/cmake/mac/bin/cmake -E cmake_link_script CMakeFiles/cmTC_a1f60.dir/link.txt --verbose=1
/Library/Developer/CommandLineTools/usr/bin/cc   -Wl,-search_paths_first -Wl,-headerpad_max_install_names  -v -Wl,-v CMakeFiles/cmTC_a1f60.dir/CMakeCCompilerABI.c.o  -o cmTC_a1f60 
Apple LLVM version 9.1.0 (clang-902.0.39.2)
Target: x86_64-apple-darwin17.6.0
Thread model: posix
InstalledDir: /Library/Developer/CommandLineTools/usr/bin
 "/Library/Developer/CommandLineTools/usr/bin/ld" -demangle -lto_library /Library/Developer/CommandLineTools/usr/lib/libLTO.dylib -dynamic -arch x86_64 -macosx_version_min 10.13.0 -o cmTC_a1f60 -search_paths_first -headerpad_max_install_names -v CMakeFiles/cmTC_a1f60.dir/CMakeCCompilerABI.c.o -lSystem /Library/Developer/CommandLineTools/usr/lib/clang/9.1.0/lib/darwin/libclang_rt.osx.a
@(#)PROGRAM:ld  PROJECT:ld64-351.8
configured to support archs: armv6 armv7 armv7s arm64 i386 x86_64 x86_64h armv6m armv7k armv7m armv7em (tvOS)
Library search paths:
	/usr/lib
	/usr/local/lib
Framework search paths:
	/Library/Frameworks/
	/System/Library/Frameworks/


Parsed C implicit link information from above output:
  link line regex: [^( *|.*[/\])(ld|CMAKE_LINK_STARTFILE-NOTFOUND|([^/\]+-)?ld|collect2)[^/\]*( |$)]
  ignore line: [Change Dir: /Volumes/Data/Nhat/bai3/cmake-build-debug/CMakeFiles/CMakeTmp]
  ignore line: []
  ignore line: [Run Build Command:"/usr/bin/make" "cmTC_a1f60/fast"]
  ignore line: [/Library/Developer/CommandLineTools/usr/bin/make -f CMakeFiles/cmTC_a1f60.dir/build.make CMakeFiles/cmTC_a1f60.dir/build]
  ignore line: [Building C object CMakeFiles/cmTC_a1f60.dir/CMakeCCompilerABI.c.o]
  ignore line: [/Library/Developer/CommandLineTools/usr/bin/cc    -o CMakeFiles/cmTC_a1f60.dir/CMakeCCompilerABI.c.o   -c /private/var/folders/w0/bw629_r1569_1bflnhpkdbx40000gp/T/AppTranslocation/D1F99382-3856-4D27-BDC5-28ECCF89551C/d/CLion.app/Contents/bin/cmake/mac/share/cmake-3.12/Modules/CMakeCCompilerABI.c]
  ignore line: [Linking C executable cmTC_a1f60]
  ignore line: [/private/var/folders/w0/bw629_r1569_1bflnhpkdbx40000gp/T/AppTranslocation/D1F99382-3856-4D27-BDC5-28ECCF89551C/d/CLion.app/Contents/bin/cmake/mac/bin/cmake -E cmake_link_script CMakeFiles/cmTC_a1f60.dir/link.txt --verbose=1]
  ignore line: [/Library/Developer/CommandLineTools/usr/bin/cc   -Wl,-search_paths_first -Wl,-headerpad_max_install_names  -v -Wl,-v CMakeFiles/cmTC_a1f60.dir/CMakeCCompilerABI.c.o  -o cmTC_a1f60 ]
  ignore line: [Apple LLVM version 9.1.0 (clang-902.0.39.2)]
  ignore line: [Target: x86_64-apple-darwin17.6.0]
  ignore line: [Thread model: posix]
  ignore line: [InstalledDir: /Library/Developer/CommandLineTools/usr/bin]
  link line: [ "/Library/Developer/CommandLineTools/usr/bin/ld" -demangle -lto_library /Library/Developer/CommandLineTools/usr/lib/libLTO.dylib -dynamic -arch x86_64 -macosx_version_min 10.13.0 -o cmTC_a1f60 -search_paths_first -headerpad_max_install_names -v CMakeFiles/cmTC_a1f60.dir/CMakeCCompilerABI.c.o -lSystem /Library/Developer/CommandLineTools/usr/lib/clang/9.1.0/lib/darwin/libclang_rt.osx.a]
    arg [/Library/Developer/CommandLineTools/usr/bin/ld] ==> ignore
    arg [-demangle] ==> ignore
    arg [-lto_library] ==> ignore, skip following value
    arg [/Library/Developer/CommandLineTools/usr/lib/libLTO.dylib] ==> skip value of -lto_library
    arg [-dynamic] ==> ignore
    arg [-arch] ==> ignore
    arg [x86_64] ==> ignore
    arg [-macosx_version_min] ==> ignore
    arg [10.13.0] ==> ignore
    arg [-o] ==> ignore
    arg [cmTC_a1f60] ==> ignore
    arg [-search_paths_first] ==> ignore
    arg [-headerpad_max_install_names] ==> ignore
    arg [-v] ==> ignore
    arg [CMakeFiles/cmTC_a1f60.dir/CMakeCCompilerABI.c.o] ==> ignore
    arg [-lSystem] ==> lib [System]
    arg [/Library/Developer/CommandLineTools/usr/lib/clang/9.1.0/lib/darwin/libclang_rt.osx.a] ==> lib [/Library/Developer/CommandLineTools/usr/lib/clang/9.1.0/lib/darwin/libclang_rt.osx.a]
  Library search paths: [;/usr/lib;/usr/local/lib]
  Framework search paths: [;/Library/Frameworks/;/System/Library/Frameworks/]
  remove lib [System]
  remove lib [/Library/Developer/CommandLineTools/usr/lib/clang/9.1.0/lib/darwin/libclang_rt.osx.a]
  collapse library dir [/usr/lib] ==> [/usr/lib]
  collapse library dir [/usr/local/lib] ==> [/usr/local/lib]
  collapse framework dir [/Library/Frameworks/] ==> [/Library/Frameworks]
  collapse framework dir [/System/Library/Frameworks/] ==> [/System/Library/Frameworks]
  implicit libs: []
  implicit dirs: [/usr/lib;/usr/local/lib]
  implicit fwks: [/Library/Frameworks;/System/Library/Frameworks]




Detecting C [-std=c11] compiler features compiled with the following output:
Change Dir: /Volumes/Data/Nhat/bai3/cmake-build-debug/CMakeFiles/CMakeTmp

Run Build Command:"/usr/bin/make" "cmTC_0daa5/fast"
/Library/Developer/CommandLineTools/usr/bin/make -f CMakeFiles/cmTC_0daa5.dir/build.make CMakeFiles/cmTC_0daa5.dir/build
Building C object CMakeFiles/cmTC_0daa5.dir/feature_tests.c.o
/Library/Developer/CommandLineTools/usr/bin/cc   -std=c11 -o CMakeFiles/cmTC_0daa5.dir/feature_tests.c.o   -c /Volumes/Data/Nhat/bai3/cmake-build-debug/CMakeFiles/feature_tests.c
Linking C executable cmTC_0daa5
/private/var/folders/w0/bw629_r1569_1bflnhpkdbx40000gp/T/AppTranslocation/D1F99382-3856-4D27-BDC5-28ECCF89551C/d/CLion.app/Contents/bin/cmake/mac/bin/cmake -E cmake_link_script CMakeFiles/cmTC_0daa5.dir/link.txt --verbose=1
/Library/Developer/CommandLineTools/usr/bin/cc   -Wl,-search_paths_first -Wl,-headerpad_max_install_names   CMakeFiles/cmTC_0daa5.dir/feature_tests.c.o  -o cmTC_0daa5 


    Feature record: C_FEATURE:1c_function_prototypes
    Feature record: C_FEATURE:1c_restrict
    Feature record: C_FEATURE:1c_static_assert
    Feature record: C_FEATURE:1c_variadic_macros


Detecting C [-std=c99] compiler features compiled with the following output:
Change Dir: /Volumes/Data/Nhat/bai3/cmake-build-debug/CMakeFiles/CMakeTmp

Run Build Command:"/usr/bin/make" "cmTC_09a0a/fast"
/Library/Developer/CommandLineTools/usr/bin/make -f CMakeFiles/cmTC_09a0a.dir/build.make CMakeFiles/cmTC_09a0a.dir/build
Building C object CMakeFiles/cmTC_09a0a.dir/feature_tests.c.o
/Library/Developer/CommandLineTools/usr/bin/cc   -std=c99 -o CMakeFiles/cmTC_09a0a.dir/feature_tests.c.o   -c /Volumes/Data/Nhat/bai3/cmake-build-debug/CMakeFiles/feature_tests.c
Linking C executable cmTC_09a0a
/private/var/folders/w0/bw629_r1569_1bflnhpkdbx40000gp/T/AppTranslocation/D1F99382-3856-4D27-BDC5-28ECCF89551C/d/CLion.app/Contents/bin/cmake/mac/bin/cmake -E cmake_link_script CMakeFiles/cmTC_09a0a.dir/link.txt --verbose=1
/Library/Developer/CommandLineTools/usr/bin/cc   -Wl,-search_paths_first -Wl,-headerpad_max_install_names   CMakeFiles/cmTC_09a0a.dir/feature_tests.c.o  -o cmTC_09a0a 


    Feature record: C_FEATURE:1c_function_prototypes
    Feature record: C_FEATURE:1c_restrict
    Feature record: C_FEATURE:0c_static_assert
    Feature record: C_FEATURE:1c_variadic_macros


Detecting C [-std=c90] compiler features compiled with the following output:
Change Dir: /Volumes/Data/Nhat/bai3/cmake-build-debug/CMakeFiles/CMakeTmp

Run Build Command:"/usr/bin/make" "cmTC_faf4e/fast"
/Library/Developer/CommandLineTools/usr/bin/make -f CMakeFiles/cmTC_faf4e.dir/build.make CMakeFiles/cmTC_faf4e.dir/build
Building C object CMakeFiles/cmTC_faf4e.dir/feature_tests.c.o
/Library/Developer/CommandLineTools/usr/bin/cc   -std=c90 -o CMakeFiles/cmTC_faf4e.dir/feature_tests.c.o   -c /Volumes/Data/Nhat/bai3/cmake-build-debug/CMakeFiles/feature_tests.c
Linking C executable cmTC_faf4e
/private/var/folders/w0/bw629_r1569_1bflnhpkdbx40000gp/T/AppTranslocation/D1F99382-3856-4D27-BDC5-28ECCF89551C/d/CLion.app/Contents/bin/cmake/mac/bin/cmake -E cmake_link_script CMakeFiles/cmTC_faf4e.dir/link.txt --verbose=1
/Library/Developer/CommandLineTools/usr/bin/cc   -Wl,-search_paths_first -Wl,-headerpad_max_install_names   CMakeFiles/cmTC_faf4e.dir/feature_tests.c.o  -o cmTC_faf4e 


    Feature record: C_FEATURE:1c_function_prototypes
    Feature record: C_FEATURE:0c_restrict
    Feature record: C_FEATURE:0c_static_assert
    Feature record: C_FEATURE:0c_variadic_macros
